[info] Hello from node3
[info] I'm connected to nodes ['2', '3', '5', '4']
[info] I have edges [('3', '2'), ('3', '3'), ('3', '5'), ('3', '4')]
[info] send message to 2: hello
[info] send message to 3: hello
[info] send message to 5: hello
[info] send message to 4: hello
[info] message from 2: hello
[info] message from 4: hello
[info] message from 3: hello
[info] message from 5: hello
[info] started round 0 with id 4
[info] send message to 2: echo-4-0-0
[info] send message to 5: echo-4-0-0
[info] send message to 4: echo-4-0-0
[info] message from 2: echo-4-0-0
[info] hit by wave with id 4 from round 0 -> same round and wave id, simple echo
[info] got echo message from child with id 2 and sub tree size is 1
[info] message from 4: echo-1-0-0
[info] purged message (echo-1-0-0) -> old round or smaller wave number condition!
[info] message from 2: echo-1-1-0
[info] hit by wave with id 1 from round 1 -> adopted the new wave!
[info] message from parent with id 2 -> broadcasting to neighbors
[info] send message to 5: echo-1-1-0
[info] send message to 4: echo-1-1-0
[info] message from 5: echo-1-0-0
[info] purged message (echo-1-0-0) -> old round or smaller wave number condition!
[info] message from 4: echo-4-0-1
[info] purged message (echo-4-0-1) -> old round or smaller wave number condition!
[info] message from 4: echo-1-1-1
[info] hit by wave with id 1 from round 1 -> same round and wave id, simple echo
[info] got echo message from child with id 4 and sub tree size is 2
[info] message from 5: echo-1-1-2
[info] hit by wave with id 1 from round 1 -> same round and wave id, simple echo
[info] got echo message from child with id 5 and sub tree size is 4
[info] sending message to parent!
[info] send message to 2: echo-1-1-4
[info] message from 2: announce-2
[info] send message to 5: announce-2
[info] send message to 4: announce-2
