[info] Hello from node4
[info] I'm connected to nodes ['3', '4']
[info] I have edges [('4', '3'), ('4', '4')]
[info] send message to 3: hello
[info] send message to 4: hello
[info] message from 4: hello
[info] message from 3: hello
[info] started round 0 with id 1
[info] send message to 3: echo-1-0-0
[info] message from 3: echo-4-0-0
[info] hit by wave with id 4 from round 0 -> adopted the new wave!
[info] message from parent with id 3 -> broadcasting to neighbors
[info] sending message to parent!
[info] send message to 3: echo-4-0-1
[info] message from 3: echo-1-1-0
[info] hit by wave with id 1 from round 1 -> adopted the new wave!
[info] message from parent with id 3 -> broadcasting to neighbors
[info] sending message to parent!
[info] send message to 3: echo-1-1-1
[info] message from 3: announce-2
