[info] Hello from node1
[info] I'm connected to nodes ['1', '5']
[info] I have edges [('1', '1'), ('1', '5')]
[info] send message to 1: hello
[info] send message to 5: hello
[info] message from 1: hello
[info] message from 5: hello
[info] started round 0 with id 3
[info] send message to 5: echo-3-0-0
[info] message from 5: echo-1-0-0
[info] purged message (echo-1-0-0) -> old round or smaller wave number condition!
[info] message from 5: echo-4-0-0
[info] hit by wave with id 4 from round 0 -> adopted the new wave!
[info] message from parent with id 5 -> broadcasting to neighbors
[info] sending message to parent!
[info] send message to 5: echo-4-0-1
[info] message from 5: echo-1-1-0
[info] hit by wave with id 1 from round 1 -> adopted the new wave!
[info] message from parent with id 5 -> broadcasting to neighbors
[info] sending message to parent!
[info] send message to 5: echo-1-1-1
[info] message from 5: announce-2
