[info] Hello from node5
[info] I'm connected to nodes ['1', '3', '5']
[info] I have edges [('5', '1'), ('5', '3'), ('5', '5')]
[info] send message to 1: hello
[info] send message to 3: hello
[info] send message to 5: hello
[info] message from 1: hello
[info] message from 1: echo-3-0-0
[info] purged message (echo-3-0-0) -> echo before hello!
[info] message from 3: hello
[info] message from 5: hello
[info] started round 0 with id 1
[info] send message to 1: echo-1-0-0
[info] send message to 3: echo-1-0-0
[info] message from 3: echo-4-0-0
[info] hit by wave with id 4 from round 0 -> adopted the new wave!
[info] message from parent with id 3 -> broadcasting to neighbors
[info] send message to 1: echo-4-0-0
[info] message from 3: echo-1-1-0
[info] hit by wave with id 1 from round 1 -> adopted the new wave!
[info] message from parent with id 3 -> broadcasting to neighbors
[info] send message to 1: echo-1-1-0
[info] message from 1: echo-4-0-1
[info] purged message (echo-4-0-1) -> old round or smaller wave number condition!
[info] message from 1: echo-1-1-1
[info] hit by wave with id 1 from round 1 -> same round and wave id, simple echo
[info] got echo message from child with id 1 and sub tree size is 2
[info] sending message to parent!
[info] send message to 3: echo-1-1-2
[info] message from 3: announce-2
[info] send message to 1: announce-2
