[info] Hello from node2
[info] I'm connected to nodes ['2', '4']
[info] I have edges [('2', '2'), ('2', '4')]
[info] send message to 2: hello
[info] send message to 4: hello
[info] message from 2: hello
[info] message from 4: hello
[info] started round 0 with id 1
[info] send message to 4: echo-1-0-0
[info] message from 4: echo-2-0-0
[info] hit by wave with id 2 from round 0 -> adopted the new wave!
[info] message from parent with id 4 -> broadcasting to neighbors
[info] sending message to parent!
[info] send message to 4: echo-2-0-1
[info] message from 4: echo-3-0-0
[info] hit by wave with id 3 from round 0 -> adopted the new wave!
[info] message from parent with id 4 -> broadcasting to neighbors
[info] sending message to parent!
[info] send message to 4: echo-3-0-1
[info] message from 4: echo-4-0-0
[info] hit by wave with id 4 from round 0 -> adopted the new wave!
[info] message from parent with id 4 -> broadcasting to neighbors
[info] sending message to parent!
[info] send message to 4: echo-4-0-1
[info] message from 4: echo-2-1-0
[info] hit by wave with id 2 from round 1 -> adopted the new wave!
[info] message from parent with id 4 -> broadcasting to neighbors
[info] sending message to parent!
[info] send message to 4: echo-2-1-1
[info] message from 4: announce-1
