[info] Hello from node1
[info] I'm connected to nodes ['1', '4']
[info] I have edges [('1', '1'), ('1', '4')]
[info] send message to 1: hello
[info] send message to 4: hello
[info] message from 1: hello
[info] message from 4: hello
[info] started round 0 with id 2
[info] send message to 4: echo-2-0-0
[info] message from 4: echo-2-0-0
[info] hit by wave with id 2 from round 0 -> same round and wave id, simple echo
[info] got echo message from child with id 4 and sub tree size is 1
[info] Deciding!
[info] started round 1 with id 2
[info] send message to 4: echo-2-1-0
[info] message from 4: echo-3-0-0
[info] purged message (echo-3-0-0) -> old round or smaller wave number condition!
[info] message from 4: echo-4-0-0
[info] purged message (echo-4-0-0) -> old round or smaller wave number condition!
[info] message from 4: echo-2-1-4
[info] hit by wave with id 2 from round 1 -> same round and wave id, simple echo
[info] got echo message from child with id 4 and sub tree size is 5
[info] Deciding!
[info] send message to 4: announce-1
