[info] Hello from node2
[info] I'm connected to nodes ['1', '2', '3']
[info] I have edges [('2', '1'), ('2', '2'), ('2', '3')]
[info] send message to 1: hello
[info] send message to 2: hello
[info] send message to 3: hello
[info] message from 3: hello
[info] message from 2: hello
[info] message from 1: hello
[info] started round 0 with id 2
[info] send message to 1: echo-2-0-0
[info] send message to 3: echo-2-0-0
[info] message from 3: echo-2-0-0
[info] hit by wave with id 2 from round 0 -> same round and wave id, simple echo
[info] got echo message from child with id 3 and sub tree size is 1
[info] message from 1: echo-2-0-0
[info] hit by wave with id 2 from round 0 -> same round and wave id, simple echo
[info] got echo message from child with id 1 and sub tree size is 1
[info] Deciding!
[info] started round 1 with id 2
[info] send message to 1: echo-2-1-0
[info] send message to 3: echo-2-1-0
[info] message from 3: echo-3-0-0
[info] purged message (echo-3-0-0) -> old round or smaller wave number condition!
[info] message from 1: echo-2-1-2
[info] hit by wave with id 2 from round 1 -> same round and wave id, simple echo
[info] got echo message from child with id 1 and sub tree size is 3
[info] message from 3: echo-2-1-3
[info] hit by wave with id 2 from round 1 -> same round and wave id, simple echo
[info] got echo message from child with id 3 and sub tree size is 6
[info] Deciding!
[info] send message to 1: announce-2
[info] send message to 3: announce-2
