[info] Hello from node3
[info] I'm connected to nodes ['2', '3', '4']
[info] I have edges [('3', '2'), ('3', '3'), ('3', '4')]
[info] send message to 2: hello
[info] send message to 3: hello
[info] send message to 4: hello
[info] message from 4: hello
[info] message from 3: hello
[info] message from 2: hello
[info] started round 0 with id 2
[info] send message to 2: echo-2-0-0
[info] send message to 4: echo-2-0-0
[info] message from 2: echo-2-0-0
[info] hit by wave with id 2 from round 0 -> same round and wave id, simple echo
[info] got echo message from child with id 2 and sub tree size is 1
[info] message from 4: echo-3-0-0
[info] hit by wave with id 3 from round 0 -> adopted the new wave!
[info] message from parent with id 4 -> broadcasting to neighbors
[info] send message to 2: echo-3-0-0
[info] message from 2: echo-2-1-0
[info] hit by wave with id 2 from round 1 -> adopted the new wave!
[info] message from parent with id 2 -> broadcasting to neighbors
[info] send message to 4: echo-2-1-0
[info] message from 4: echo-2-1-2
[info] hit by wave with id 2 from round 1 -> same round and wave id, simple echo
[info] got echo message from child with id 4 and sub tree size is 3
[info] sending message to parent!
[info] send message to 2: echo-2-1-3
[info] message from 2: announce-2
[info] send message to 4: announce-2
