[info] Hello from node1
[info] I'm connected to nodes ['1', '2', '6']
[info] I have edges [('1', '1'), ('1', '2'), ('1', '6')]
[info] send message to 1: hello
[info] send message to 2: hello
[info] send message to 6: hello
[info] message from 1: hello
[info] message from 2: hello
[info] message from 6: hello
[info] started round 0 with id 2
[info] send message to 2: echo-2-0-0
[info] send message to 6: echo-2-0-0
[info] message from 2: echo-2-0-0
[info] hit by wave with id 2 from round 0 -> same round and wave id, simple echo
[info] got echo message from child with id 2 and sub tree size is 1
[info] message from 2: echo-2-1-0
[info] hit by wave with id 2 from round 1 -> adopted the new wave!
[info] message from parent with id 2 -> broadcasting to neighbors
[info] send message to 6: echo-2-1-0
[info] message from 6: echo-3-0-0
[info] purged message (echo-3-0-0) -> old round or smaller wave number condition!
[info] message from 6: echo-2-1-1
[info] hit by wave with id 2 from round 1 -> same round and wave id, simple echo
[info] got echo message from child with id 6 and sub tree size is 2
[info] sending message to parent!
[info] send message to 2: echo-2-1-2
[info] message from 2: announce-2
[info] send message to 6: announce-2
