[info] Hello from node5
[info] I'm connected to nodes ['4', '5', '6']
[info] I have edges [('5', '4'), ('5', '5'), ('5', '6')]
[info] send message to 4: hello
[info] send message to 5: hello
[info] send message to 6: hello
[info] message from 5: hello
[info] message from 4: hello
[info] message from 6: hello
[info] started round 0 with id 2
[info] send message to 4: echo-2-0-0
[info] send message to 6: echo-2-0-0
[info] message from 4: echo-3-0-0
[info] hit by wave with id 3 from round 0 -> adopted the new wave!
[info] message from parent with id 4 -> broadcasting to neighbors
[info] send message to 6: echo-3-0-0
[info] message from 6: echo-3-0-0
[info] hit by wave with id 3 from round 0 -> same round and wave id, simple echo
[info] got echo message from child with id 6 and sub tree size is 1
[info] sending message to parent!
[info] send message to 4: echo-3-0-1
[info] message from 4: echo-2-1-0
[info] hit by wave with id 2 from round 1 -> adopted the new wave!
[info] message from parent with id 4 -> broadcasting to neighbors
[info] send message to 6: echo-2-1-0
[info] message from 6: echo-2-1-0
[info] hit by wave with id 2 from round 1 -> same round and wave id, simple echo
[info] got echo message from child with id 6 and sub tree size is 1
[info] sending message to parent!
[info] send message to 4: echo-2-1-1
[info] message from 6: announce-2
[info] send message to 4: announce-2
